./example1.out v1.dat 
 "ipw.txt" No.00 -- plane wave --
wave length of incident beam in vacuum      :               1
refractive index of surrounding             :            1.33
incident beam power per unit area           :           0.001
x-component of polarization coefficient     :      1+      0i
y-component of polarization coefficient     :      0+      0i
x-component of translation vector           :               0
y-component of translation vector           :               0
z-component of translation vector           :               0
rotation parameter theta               [rad]:             0.2
rotation parameter phi                 [rad]:               0

--------- sphere data ---------
sphere id 0
  basic sampling number on sphere surface       :               32
  division number of sphere surface     (per PI):                4
  limit of order number l                       :               40
  x-coordinate of sphere center                 :                0
  y-coordinate of sphere center                 :                0
  z-coordinate of sphere center                 :                0
  layer id 0
    radius of layer                             :              0.2
    refractive index of layer                   :     1.6+      0I
  layer id 1
    radius of layer                             :              0.3
    refractive index of layer                   :    0.06+      4I
sphere id 1
  basic sampling number on sphere surface       :               32
  division number of sphere surface     (per PI):                4
  limit of order number l                       :               40
  x-coordinate of sphere center                 :             0.85
  y-coordinate of sphere center                 :                0
  z-coordinate of sphere center                 :                0
  layer id 0
    radius of layer                             :              0.2
    refractive index of layer                   :     1.6+      0I
  layer id 1
    radius of layer                             :              0.3
    refractive index of layer                   :    0.06+      4I
sphere id 2
  basic sampling number on sphere surface       :               32
  division number of sphere surface     (per PI):                4
  limit of order number l                       :               40
  x-coordinate of sphere center                 :            -0.85
  y-coordinate of sphere center                 :                0
  z-coordinate of sphere center                 :                0
  layer id 0
    radius of layer                             :              0.2
    refractive index of layer                   :     1.6+      0I
  layer id 1
    radius of layer                             :              0.3
    refractive index of layer                   :    0.06+      4I
sphere id 3
  basic sampling number on sphere surface       :               32
  division number of sphere surface     (per PI):                4
  limit of order number l                       :               40
  x-coordinate of sphere center                 :              1.7
  y-coordinate of sphere center                 :                0
  z-coordinate of sphere center                 :                0
  layer id 0
    radius of layer                             :              0.2
    refractive index of layer                   :     1.6+      0I
  layer id 1
    radius of layer                             :              0.3
    refractive index of layer                   :    0.06+      4I
sphere id 4
  basic sampling number on sphere surface       :               32
  division number of sphere surface     (per PI):                4
  limit of order number l                       :               40
  x-coordinate of sphere center                 :             -1.7
  y-coordinate of sphere center                 :                0
  z-coordinate of sphere center                 :                0
  layer id 0
    radius of layer                             :              0.2
    refractive index of layer                   :     1.6+      0I
  layer id 1
    radius of layer                             :              0.3
    refractive index of layer                   :    0.06+      4I

Electromagnetic field at r=(  0.3, 0, 1.1 )
Ex = -3.02853599870576e-02 -2.21807613980263e-02 I (=-1.85886574240537e+04 -1.36141876870140e+04 I [V/m](MKSA))
Ey =  4.06182424188943e-18 -7.70259819139167e-21 I (= 2.49308112505401e-12 -4.72772848386492e-15 I [V/m](MKSA))
Ez = -4.73909770625847e-03 +6.40219803985663e-03 I (=-2.90878047341698e+03 +3.92956419123632e+03 I [V/m](MKSA))
Hx = -5.21148160149869e-18 +3.25095997614122e-19 I (=-8.49074749008401e-15 +5.29658979316874e-16 I [A/m](MKSA))
Hy = -4.47066852619623e-02 -2.05298124928005e-02 I (=-7.28378616109517e+01 -3.34479649405293e+01 I [A/m](MKSA))
Hz =  3.39503373466132e-19 +1.02084914204215e-17 I (= 5.53132033566738e-16 +1.66320692527364e-14 I [A/m](MKSA))
Real electromagnetic field at t=0.001
Ex = -3.04241270971094e-02 (=-1.86738304010822e+04 [V/m](MKSA))
Ey =  4.06169566842303e-18 (= 2.49300220876832e-12 [V/m](MKSA))
Ez = -4.69877822854662e-03 (=-2.88403303904531e+03 [V/m](MKSA))
Hx = -5.20933610635798e-18 (=-8.48725196637810e-15 [A/m](MKSA))
Hy = -4.48347945577485e-02 (=-7.30465822329990e+01 [A/m](MKSA))
Hz =  4.03638093225883e-19 (= 6.57622800774042e-16 [A/m](MKSA))

Radiation force and torque
Mie coefficient
sphere id  0, F=(  0.00012989736005026,-2.0328511258722e-19, 0.0006795338448599 )
           0, N=( -9.6081390621863e-21, 7.9016346596775e-07, 1.2171508053297e-20 )
           0, F=(  4.3329095373794e-16,-6.7808614647412e-31, 2.2666809211721e-15 ) [ N ](MKSA)
           0, N=( -3.2049302128162e-38, 2.6357016158417e-24, 4.0599780709951e-38 ) [N m](MKSA)
Mie coefficient
sphere id  1, F=(  0.00018221940037191,-1.8625963809151e-19, 0.00069059778550507 )
           1, N=(  9.9900708221234e-21, 6.9673304741498e-07, 3.9848018059732e-21 )
           1, F=(  6.0781849412606e-16,-6.2129527651931e-31, 2.3035862546785e-15 ) [ N ](MKSA)
           1, N=(  3.332328934747e-38, 2.3240512855563e-24, 1.3291868089534e-38 ) [N m](MKSA)
Mie coefficient
sphere id  2, F=(  0.00016143645672058,-2.7898453827357e-19, 0.00071073383848082 )
           2, N=( -9.8278001808947e-21, 3.2392234795301e-07,-3.8766922564208e-21 )
           2, F=(  5.3849405617995e-16,-9.3059225083499e-31, 2.3707528975956e-15 ) [ N ](MKSA)
           2, N=( -3.2782012751284e-38, 1.0804886490941e-24,-1.2931253448747e-38 ) [N m](MKSA)
Mie coefficient
sphere id  3, F=(  0.00021973457350942,-3.130396872646e-19, 0.00072567472955363 )
           3, N=( -1.9297922635263e-20, 1.7270770326533e-07,-1.1191952243939e-20 )
           3, F=(  7.3295564196423e-16,-1.0441880004353e-30, 2.4205903457172e-15 ) [ N ](MKSA)
           3, N=( -6.4370941030353e-38, 5.760908877345e-25,-3.7332334237505e-38 ) [N m](MKSA)
Mie coefficient
sphere id  4, F=(  0.00010214429007987,-2.2195570612513e-19, 0.00068946466624498 )
           4, N=(  4.8684289162488e-21, 7.5911687117709e-07,-4.0331891328699e-22 )
           4, F=(  3.4071667700149e-16,-7.4036454287695e-31, 2.299806575671e-15 ) [ N ](MKSA)
           4, N=(  1.6239330864851e-38, 2.5321413228384e-24,-1.3453270838688e-39 ) [N m](MKSA)

