./mie_mmls_solver v1.dat

 "ipw.txt" No.00 -- plane wave --
wave length of incident beam in vacuum      :               1
refractive index of surrounding             :            1.33
incident beam power per unit area           :           0.001
x-component of polarization coefficient     :      1+      0i
y-component of polarization coefficient     :      0+      0i
x-component of translation vector           :               0
y-component of translation vector           :               0
z-component of translation vector           :               0
rotation parameter theta               [rad]:             0.2
rotation parameter phi                 [rad]:               0

--------- sphere data ---------
sphere id 0
  basic sampling number on sphere surface       :               32
  division number of sphere surface     (per PI):                4
  limit of order number l                       :               40
  x-coordinate of sphere center                 :                0
  y-coordinate of sphere center                 :                0
  z-coordinate of sphere center                 :                0
  layer id 0
    radius of layer                             :              0.2
    refractive index of layer                   :     1.6+      0I
  layer id 1
    radius of layer                             :              0.3
    refractive index of layer                   :    0.06+      4I
sphere id 1
  basic sampling number on sphere surface       :               32
  division number of sphere surface     (per PI):                4
  limit of order number l                       :               40
  x-coordinate of sphere center                 :             0.85
  y-coordinate of sphere center                 :                0
  z-coordinate of sphere center                 :                0
  layer id 0
    radius of layer                             :              0.2
    refractive index of layer                   :     1.6+      0I
  layer id 1
    radius of layer                             :              0.3
    refractive index of layer                   :    0.06+      4I
sphere id 2
  basic sampling number on sphere surface       :               32
  division number of sphere surface     (per PI):                4
  limit of order number l                       :               40
  x-coordinate of sphere center                 :            -0.85
  y-coordinate of sphere center                 :                0
  z-coordinate of sphere center                 :                0
  layer id 0
    radius of layer                             :              0.2
    refractive index of layer                   :     1.6+      0I
  layer id 1
    radius of layer                             :              0.3
    refractive index of layer                   :    0.06+      4I
sphere id 3
  basic sampling number on sphere surface       :               32
  division number of sphere surface     (per PI):                4
  limit of order number l                       :               40
  x-coordinate of sphere center                 :              1.7
  y-coordinate of sphere center                 :                0
  z-coordinate of sphere center                 :                0
  layer id 0
    radius of layer                             :              0.2
    refractive index of layer                   :     1.6+      0I
  layer id 1
    radius of layer                             :              0.3
    refractive index of layer                   :    0.06+      4I
sphere id 4
  basic sampling number on sphere surface       :               32
  division number of sphere surface     (per PI):                4
  limit of order number l                       :               40
  x-coordinate of sphere center                 :             -1.7
  y-coordinate of sphere center                 :                0
  z-coordinate of sphere center                 :                0
  layer id 0
    radius of layer                             :              0.2
    refractive index of layer                   :     1.6+      0I
  layer id 1
    radius of layer                             :              0.3
    refractive index of layer                   :    0.06+      4I

iterative operation start (convergence criterion : cv < 1e-12)
  0, cv : 0.0921237	0.0466209	0.113316	0.141062	0.0864761	
  1, cv : 0.118923	0.0565558	0.054782	0.333181	0.0462644	
  2, cv : 0.0472648	0.132567	0.00353467	0.117245	0.127025	
  3, cv : 0.00537646	0.0187601	0.027429	0.0102544	0.0423899	
  4, cv : 0.0436568	0.0252093	0.0420737	0.00492474	0.0149984	
  5, cv : 0.0638195	0.0118179	0.0233036	0.00917847	0.0358664	
  6, cv : 0.0344065	0.0137662	0.0272214	0.0349115	0.00429585	
  7, cv : 0.00574398	0.0308776	0.0212284	0.0507396	0.00696371	
  8, cv : 0.00754789	0.0185522	0.0111614	0.0268241	0.0023391	
  9, cv : 0.014552	0.000381865	0.0114866	0.00669482	0.00194772	
 10, cv : 0.0155761	0.00346466	0.0127207	0.00674276	0.000749426	
 11, cv : 0.0120165	0.00241135	0.0101948	0.013946	0.00305151	
 12, cv : 0.00723777	0.00656137	0.00771835	0.0158929	0.00136436	
 13, cv : 0.00504353	0.00577242	0.00594928	0.0119412	0.00126258	
 14, cv : 0.00542226	0.00264215	0.00542373	0.00641708	0.00144286	
 15, cv : 0.00554849	0.000607277	0.00505357	0.00429652	0.000198289	
 16, cv : 0.00469125	0.000813452	0.00426847	0.00502859	0.00111634	
 17, cv : 0.00347942	0.00180337	0.00328672	0.00558227	0.000601634	
 18, cv : 0.00264612	0.0019712	0.00270582	0.00459709	0.000213089	
 19, cv : 0.00224634	0.00132214	0.00239146	0.00319078	0.000329586	
 20, cv : 0.00208129	0.000685587	0.00207407	0.00235002	5.36213e-05	
 21, cv : 0.001856	0.000515642	0.0017134	0.00214242	0.000268382	
 22, cv : 0.00152005	0.000628008	0.00142119	0.00205583	0.000159303	
 23, cv : 0.00118811	0.000675423	0.00119908	0.00180078	1.42512e-07	
 24, cv : 0.000973041	0.000549436	0.00101827	0.00142292	2.81114e-05	
 25, cv : 0.000851224	0.000375894	0.000856399	0.00111233	2.34136e-05	
 26, cv : 0.000751196	0.000279031	0.000721518	0.000930029	5.49305e-05	
 27, cv : 0.00063213	0.000260121	0.000609724	0.000825369	4.51492e-05	
 28, cv : 0.000513181	0.000253403	0.000514464	0.000723356	2.35186e-05	
 29, cv : 0.000420713	0.000220838	0.000430754	0.000605041	1.17159e-05	
 30, cv : 0.000358235	0.000172891	0.000361815	0.000490341	1.09602e-05	
 31, cv : 0.000308989	0.00013455	0.000306174	0.000403854	1.43537e-05	
 32, cv : 0.000261885	0.000114062	0.000259458	0.000344961	1.59026e-05	
 33, cv : 0.000217255	0.000102697	0.000218138	0.000298671	1.33195e-05	
 34, cv : 0.000180153	9.02656e-05	0.000182813	0.000253302	8.7676e-06	
 35, cv : 0.000151499	7.49449e-05	0.00015384	0.000209901	5.93259e-06	
 36, cv : 0.000128728	6.06379e-05	0.000130128	0.00017373	5.8326e-06	
 37, cv : 0.000108979	5.03513e-05	0.000109886	0.000146491	6.4189e-06	
 38, cv : 9.14252e-05	4.34542e-05	9.24383e-05	0.000125017	5.82217e-06	
 39, cv : 7.63565e-05	3.77153e-05	7.76854e-05	0.000106095	4.32367e-06	
 40, cv : 6.40164e-05	3.19413e-05	6.54558e-05	8.88817e-05	3.18162e-06	
 41, cv : 5.39828e-05	2.64833e-05	5.5225e-05	7.41705e-05	2.82542e-06	
 42, cv : 4.55997e-05	2.20359e-05	4.65588e-05	6.22974e-05	2.74394e-06	
 43, cv : 3.83843e-05	1.8687e-05	3.92021e-05	5.2714e-05	2.45276e-06	
 44, cv : 3.21912e-05	1.60019e-05	3.30103e-05	4.46009e-05	1.98462e-06	
 45, cv : 2.69936e-05	1.35996e-05	2.78092e-05	3.75457e-05	1.58903e-06	
 46, cv : 2.27037e-05	1.14174e-05	2.34336e-05	3.14923e-05	1.35829e-06	
 47, cv : 1.91354e-05	9.55899e-06	1.97442e-05	2.64491e-05	1.21098e-06	
 48, cv : 1.61144e-05	8.06092e-06	1.66361e-05	2.22897e-05	1.06106e-06	
 49, cv : 1.35392e-05	6.84467e-06	1.40155e-05	1.88146e-05	8.97728e-07	
 50, cv : 1.13665e-05	5.80781e-06	1.18059e-05	1.58574e-05	7.49259e-07	
 51, cv : 9.55342e-06	4.90104e-06	9.94416e-06	1.33353e-05	6.32886e-07	
 52, cv : 8.04092e-06	4.12227e-06	8.37823e-06	1.12084e-05	5.4437e-07	
 53, cv : 6.7679e-06	3.47342e-06	7.05989e-06	9.43387e-06	4.70962e-07	
 54, cv : 5.69075e-06	2.9374e-06	5.94816e-06	7.95109e-06	4.03933e-07	
 55, cv : 4.78171e-06	2.48706e-06	5.01025e-06	6.70074e-06	3.42259e-07	
 56, cv : 4.01905e-06	2.10177e-06	4.22031e-06	5.64047e-06	2.89112e-07	
 57, cv : 3.3803e-06	1.77222e-06	3.55559e-06	4.74469e-06	2.4614e-07	
 58, cv : 2.84379e-06	1.49413e-06	2.99585e-06	3.99273e-06	2.1128e-07	
 59, cv : 2.39166e-06	1.26165e-06	2.52393e-06	3.36268e-06	1.81166e-07	
 60, cv : 2.01059e-06	1.0666e-06	2.12611e-06	2.83268e-06	1.54185e-07	
 61, cv : 1.69015e-06	9.0136e-07	1.79101e-06	2.38514e-06	1.3067e-07	
 62, cv : 1.42115e-06	7.60835e-07	1.50886e-06	2.00736e-06	1.11073e-07	
 63, cv : 1.19523e-06	6.41884e-07	1.27119e-06	1.68945e-06	9.48757e-08	
 64, cv : 1.00519e-06	5.41802e-07	1.07091e-06	1.42239e-06	8.10852e-08	
 65, cv : 8.45187e-07	4.57655e-07	9.02156e-07	1.19782e-06	6.9068e-08	
 66, cv : 7.10572e-07	3.86616e-07	7.59992e-07	1.00859e-06	5.86821e-08	
 67, cv : 5.97439e-07	3.26447e-07	6.4024e-07	8.49049e-07	4.98889e-08	
 68, cv : 5.02388e-07	2.75527e-07	5.39363e-07	7.14683e-07	4.24974e-08	
 69, cv : 4.22475e-07	2.32565e-07	4.54378e-07	6.01652e-07	3.62251e-08	
 70, cv : 3.55245e-07	1.96369e-07	3.82781e-07	5.06568e-07	3.08471e-08	
 71, cv : 2.98686e-07	1.65834e-07	3.22461e-07	4.26517e-07	2.6235e-08	
 72, cv : 2.51132e-07	1.40027e-07	2.71646e-07	3.59079e-07	2.2306e-08	
 73, cv : 2.11163e-07	1.18208e-07	2.28839e-07	3.0228e-07	1.89753e-08	
 74, cv : 1.77562e-07	9.97819e-08	1.92779e-07	2.54469e-07	1.61497e-08	
 75, cv : 1.49304e-07	8.42383e-08	1.62401e-07	2.14236e-07	1.37429e-08	
 76, cv : 1.25537e-07	7.11244e-08	1.36808e-07	1.8037e-07	1.16882e-08	
 77, cv : 1.05551e-07	6.0051e-08	1.15248e-07	1.51853e-07	9.93633e-09	
 78, cv : 8.87495e-08	5.06959e-08	9.70852e-08	1.27838e-07	8.44702e-09	
 79, cv : 7.46239e-08	4.2795e-08	8.17854e-08	1.0762e-07	7.18266e-09	
 80, cv : 6.27464e-08	3.61261e-08	6.88966e-08	9.06012e-08	6.10792e-09	
 81, cv : 5.27583e-08	3.04983e-08	5.80385e-08	7.62761e-08	5.19263e-09	
 82, cv : 4.43593e-08	2.57476e-08	4.88914e-08	6.42157e-08	4.41302e-09	
 83, cv : 3.72974e-08	2.17359e-08	4.11859e-08	5.40607e-08	3.74998e-09	
 84, cv : 3.13602e-08	1.83483e-08	3.46948e-08	4.5511e-08	3.18678e-09	
 85, cv : 2.63681e-08	1.54884e-08	2.92267e-08	3.83136e-08	2.70824e-09	
 86, cv : 2.21705e-08	1.30746e-08	2.46202e-08	3.2255e-08	2.30127e-09	
 87, cv : 1.86409e-08	1.1037e-08	2.07398e-08	2.71545e-08	1.95505e-09	
 88, cv : 1.56732e-08	9.31689e-09	1.74709e-08	2.28602e-08	1.66069e-09	
 89, cv : 1.31779e-08	7.86458e-09	1.47172e-08	1.92449e-08	1.41061e-09	
 90, cv : 1.108e-08	6.63852e-09	1.23975e-08	1.62013e-08	1.19817e-09	
 91, cv : 9.31597e-09	5.6036e-09	1.04434e-08	1.36391e-08	1.01764e-09	
 92, cv : 7.83276e-09	4.73003e-09	8.79726e-09	1.14821e-08	8.64206e-10	
 93, cv : 6.58565e-09	3.99262e-09	7.41058e-09	9.66627e-09	7.33822e-10	
 94, cv : 5.53709e-09	3.37011e-09	6.24247e-09	8.13751e-09	6.23066e-10	
 95, cv : 4.65549e-09	2.84461e-09	5.25847e-09	6.8505e-09	5.28999e-10	
 96, cv : 3.91424e-09	2.40103e-09	4.42957e-09	5.76705e-09	4.49105e-10	
 97, cv : 3.291e-09	2.02661e-09	3.73132e-09	4.85496e-09	3.81247e-10	
 98, cv : 2.76698e-09	1.71057e-09	3.14313e-09	4.08711e-09	3.23612e-10	
 99, cv : 2.32639e-09	1.4438e-09	2.64765e-09	3.44069e-09	2.7467e-10	
100, cv : 1.95595e-09	1.21861e-09	2.23028e-09	2.8965e-09	2.33113e-10	
101, cv : 1.6445e-09	1.02854e-09	1.87869e-09	2.43837e-09	1.97832e-10	
102, cv : 1.38263e-09	8.68105e-10	1.58252e-09	2.05271e-09	1.67882e-10	
103, cv : 1.16246e-09	7.32691e-10	1.33304e-09	1.72804e-09	1.42456e-10	
104, cv : 9.77345e-10	6.18392e-10	1.12289e-09	1.45472e-09	1.2087e-10	
105, cv : 8.21706e-10	5.2192e-10	9.45869e-10	1.22462e-09	1.02547e-10	
106, cv : 6.90851e-10	4.40494e-10	7.96752e-10	1.03092e-09	8.69975e-11	
107, cv : 5.80832e-10	3.71767e-10	6.7114e-10	8.67855e-10	7.3801e-11	
108, cv : 4.88332e-10	3.13762e-10	5.65331e-10	7.30583e-10	6.26024e-11	
109, cv : 4.10561e-10	2.64804e-10	4.76199e-10	6.15023e-10	5.30999e-11	
110, cv : 3.45176e-10	2.23483e-10	4.0112e-10	5.17739e-10	4.50362e-11	
111, cv : 2.90203e-10	1.88605e-10	3.37879e-10	4.35841e-10	3.81958e-11	
112, cv : 2.43983e-10	1.59172e-10	2.84607e-10	3.66901e-10	3.23928e-11	
113, cv : 2.05125e-10	1.34333e-10	2.39733e-10	3.08862e-10	2.74702e-11	
114, cv : 1.72455e-10	1.13367e-10	2.01934e-10	2.60005e-10	2.32934e-11	
115, cv : 1.44988e-10	9.56701e-11	1.70096e-10	2.18876e-10	1.97495e-11	
116, cv : 1.21895e-10	8.07371e-11	1.43276e-10	1.8425e-10	1.67437e-11	
117, cv : 1.02481e-10	6.81348e-11	1.20683e-10	1.55102e-10	1.41958e-11	
118, cv : 8.61562e-11	5.74992e-11	1.01654e-10	1.30567e-10	1.20353e-11	
119, cv : 7.24312e-11	4.85225e-11	8.56253e-11	1.09914e-10	1.02018e-11	
120, cv : 6.08946e-11	4.09492e-11	7.21256e-11	9.25258e-11	8.64997e-12	
121, cv : 5.11954e-11	3.4555e-11	6.07516e-11	7.78886e-11	7.33158e-12	
122, cv : 4.30402e-11	2.91571e-11	5.11711e-11	6.55659e-11	6.21125e-12	
123, cv : 3.61824e-11	2.46052e-11	4.31033e-11	5.51925e-11	5.26434e-12	
124, cv : 3.04183e-11	2.07638e-11	3.63072e-11	4.64612e-11	4.46199e-12	
125, cv : 2.5573e-11	1.75211e-11	3.05815e-11	3.91107e-11	3.78209e-12	
126, cv : 2.14992e-11	1.47841e-11	2.57583e-11	3.29243e-11	3.20588e-12	
127, cv : 1.80748e-11	1.24747e-11	2.16969e-11	2.77156e-11	2.71827e-12	
128, cv : 1.51952e-11	1.05279e-11	1.82752e-11	2.33299e-11	2.30282e-12	
129, cv : 1.2775e-11	8.886e-12	1.53932e-11	1.96376e-11	1.95066e-12	
130, cv : 1.07387e-11	7.49834e-12	1.29672e-11	1.65312e-11	1.65201e-12	
131, cv : 9.02778e-12	6.32561e-12	1.09217e-11	1.39173e-11	1.39921e-12	
132, cv : 7.59015e-12	5.33595e-12	9.19953e-12	1.17139e-11	1.18705e-12	
133, cv : 6.38034e-12	4.50351e-12	7.74869e-12	9.86056e-12	1.00653e-12	
134, cv : 5.36415e-12	3.79952e-12	6.52545e-12	8.30069e-12	8.51985e-13	
135, cv : 4.50995e-12	3.20588e-12	5.4966e-12	6.9873e-12	7.20979e-13	
136, cv : 3.79163e-12	2.70628e-12	4.6303e-12	5.88274e-12	6.10401e-13	
137, cv : 3.18678e-12	2.28373e-12	3.89966e-12	4.9527e-12	5.16143e-13	
138, cv : 2.67852e-12	1.92635e-12	3.28448e-12	4.168e-12	4.3987e-13	
139, cv : 2.25142e-12	1.62559e-12	2.76557e-12	3.50853e-12	3.72258e-13	
140, cv : 1.89315e-12	1.37235e-12	2.32814e-12	2.95419e-12	3.12861e-13	
141, cv : 1.59184e-12	1.15752e-12	1.9621e-12	2.48579e-12	2.65454e-13	
142, cv : 1.33782e-12	9.76996e-13	1.6529e-12	2.09333e-12	2.25375e-13	
143, cv : 1.12377e-12	8.24674e-13	1.39189e-12	1.76259e-12	1.91847e-13	
144, cv : 9.43912e-13	6.94445e-13	1.17195e-12	1.48404e-12	1.62315e-13	
145, cv : 7.93476e-13	5.8642e-13	9.87654e-13	1.24878e-12	1.37335e-13	
146, cv : 6.66356e-13	4.94826e-13	8.34e-13	1.05072e-12	1.16351e-13	
147, cv : 5.60552e-13	4.17e-13	7.02549e-13	8.84848e-13	9.82547e-14	
148, cv : 4.71623e-13	3.52829e-13	5.91527e-13	7.44849e-13	8.32667e-14	
